-------------------------------------------------------------------------------
Test set: com.examples.spring.boot.web.SpringBootMvcGreetingsExApplicationTests
-------------------------------------------------------------------------------
Tests run: 1, Failures: 0, Errors: 1, Skipped: 0, Time elapsed: 3.732 s <<< FAILURE! - in com.examples.spring.boot.web.SpringBootMvcGreetingsExApplicationTests
initializationError(com.examples.spring.boot.web.SpringBootMvcGreetingsExApplicationTests)  Time elapsed: 0.046 s  <<< ERROR!
java.lang.IllegalStateException: Unable to find a @SpringBootConfiguration, you need to use @ContextConfiguration or @SpringBootTest(classes=...) with your test

