<?xml version="1.0" encoding="UTF-8"?>
<testsuite xmlns:xsi="http://www.w3.org/2001/XMLSchema-instance" xsi:noNamespaceSchemaLocation="https://maven.apache.org/surefire/maven-surefire-plugin/xsd/surefire-test-report.xsd" name="com.examples.spring.boot.web.SpringBootMvcGreetingsExApplicationTests" time="3.732" tests="1" errors="1" skipped="0" failures="0">
  <properties>
[...]
</properties>
  <testcase name="initializationError" classname="com.examples.spring.boot.web.SpringBootMvcGreetingsExApplicationTests" time="0.046">
    <error message="Unable to find a @SpringBootConfiguration, you need to use @ContextConfiguration or @SpringBootTest(classes=...) with your test" type="java.lang.IllegalStateException">java.lang.IllegalStateException: Unable to find a @SpringBootConfiguration, you need to use @ContextConfiguration or @SpringBootTest(classes=...) with your test
</error>
    <system-out><![CDATA[17:54:44.077 [main] DEBUG org.springframework.test.context.junit4.SpringJUnit4ClassRunner - SpringJUnit4ClassRunner constructor called with [class com.examples.spring.boot.web.SpringBootMvcGreetingsExApplicationTests]
17:54:44.119 [main] DEBUG org.springframework.test.context.BootstrapUtils - Instantiating CacheAwareContextLoaderDelegate from class [org.springframework.test.context.cache.DefaultCacheAwareContextLoaderDelegate]
17:54:44.205 [main] DEBUG org.springframework.test.context.BootstrapUtils - Instantiating BootstrapContext using constructor [public org.springframework.test.context.support.DefaultBootstrapContext(java.lang.Class,org.springframework.test.context.CacheAwareContextLoaderDelegate)]
17:54:44.444 [main] DEBUG org.springframework.test.context.BootstrapUtils - Instantiating TestContextBootstrapper for test class [com.examples.spring.boot.web.SpringBootMvcGreetingsExApplicationTests] from class [org.springframework.boot.test.context.SpringBootTestContextBootstrapper]
17:54:44.656 [main] INFO org.springframework.boot.test.context.SpringBootTestContextBootstrapper - Neither @ContextConfiguration nor @ContextHierarchy found for test class [com.examples.spring.boot.web.SpringBootMvcGreetingsExApplicationTests], using SpringBootContextLoader
17:54:44.699 [main] DEBUG org.springframework.test.context.support.AbstractContextLoader - Did not detect default resource location for test class [com.examples.spring.boot.web.SpringBootMvcGreetingsExApplicationTests]: class path resource [com/examples/spring/boot/web/SpringBootMvcGreetingsExApplicationTests-context.xml] does not exist
17:54:44.709 [main] DEBUG org.springframework.test.context.support.AbstractContextLoader - Did not detect default resource location for test class [com.examples.spring.boot.web.SpringBootMvcGreetingsExApplicationTests]: class path resource [com/examples/spring/boot/web/SpringBootMvcGreetingsExApplicationTestsContext.groovy] does not exist
17:54:44.713 [main] INFO org.springframework.test.context.support.AbstractContextLoader - Could not detect default resource locations for test class [com.examples.spring.boot.web.SpringBootMvcGreetingsExApplicationTests]: no resource found for suffixes {-context.xml, Context.groovy}.
17:54:44.741 [main] INFO org.springframework.test.context.support.AnnotationConfigContextLoaderUtils - Could not detect default configuration classes for test class [com.examples.spring.boot.web.SpringBootMvcGreetingsExApplicationTests]: SpringBootMvcGreetingsExApplicationTests does not declare any static, non-private, non-final, nested classes annotated with @Configuration.
17:54:45.444 [main] DEBUG org.springframework.test.context.support.ActiveProfilesUtils - Could not find an 'annotation declaring class' for annotation type [org.springframework.test.context.ActiveProfiles] and class [com.examples.spring.boot.web.SpringBootMvcGreetingsExApplicationTests]
]]></system-out>
  </testcase>
</testsuite>